<?xml version="1.0" encoding="UTF-8"?>
<testsuite xmlns:xsi="http://www.w3.org/2001/XMLSchema-instance" xsi:noNamespaceSchemaLocation="https://maven.apache.org/surefire/maven-surefire-plugin/xsd/surefire-test-report.xsd" name="com.digitalsoftware.accounting.mapper.DAO.UserLogMapperTest" time="0.028" tests="1" errors="0" skipped="0" failures="0">
  <properties>
[...]
</properties>
  <testcase name="testfindAllByMethods" classname="com.digitalsoftware.accounting.mapper.DAO.UserLogMapperTest" time="0.01"/>
</testsuite>